<?xml version="1.0" encoding="UTF-8"?>
<testng-results skipped="0" failed="0" ignored="0" total="1" passed="1">
  <reporter-output>
  </reporter-output>
  <suite name="Suite" duration-ms="14116" started-at="2017-10-11T08:29:50Z" finished-at="2017-10-11T08:30:04Z">
    <groups>
    </groups>
    <test name="Test" duration-ms="14116" started-at="2017-10-11T08:29:50Z" finished-at="2017-10-11T08:30:04Z">
      <class name="uatSiteFormsTests.SearchTest">
        <test-method status="PASS" signature="setUp(java.lang.String)[pri:0, instance:uatSiteFormsTests.SearchTest@6fd02e5]" name="setUp" is-config="true" duration-ms="3240" started-at="2017-10-11T10:29:50Z" finished-at="2017-10-11T10:29:53Z">
          <params>
            <param index="0">
              <value>
                <![CDATA[firefox]]>
              </value>
            </param>
          </params>
          <reporter-output>
          </reporter-output>
        </test-method> <!-- setUp -->
        <test-method status="PASS" signature="beforeMethod()[pri:0, instance:uatSiteFormsTests.SearchTest@6fd02e5]" name="beforeMethod" is-config="true" duration-ms="6166" started-at="2017-10-11T10:29:53Z" finished-at="2017-10-11T10:29:59Z">
          <reporter-output>
          </reporter-output>
        </test-method> <!-- beforeMethod -->
        <test-method status="PASS" signature="test()[pri:0, instance:uatSiteFormsTests.SearchTest@6fd02e5]" name="test" duration-ms="4180" started-at="2017-10-11T10:29:59Z" finished-at="2017-10-11T10:30:03Z">
          <reporter-output>
          </reporter-output>
        </test-method> <!-- test -->
        <test-method status="PASS" signature="afterClass()[pri:0, instance:uatSiteFormsTests.SearchTest@6fd02e5]" name="afterClass" is-config="true" duration-ms="516" started-at="2017-10-11T10:30:03Z" finished-at="2017-10-11T10:30:04Z">
          <reporter-output>
          </reporter-output>
        </test-method> <!-- afterClass -->
      </class> <!-- uatSiteFormsTests.SearchTest -->
    </test> <!-- Test -->
  </suite> <!-- Suite -->
</testng-results>
